<?xml version="1.0" encoding="UTF-8"?>
<!-- Generated by org.testng.reporters.JUnitXMLReporter -->
<testsuite ignored="0" hostname="DESKTOP-UE4DDJG" failures="0" tests="3" name="Default test" time="0.064" errors="0" timestamp="2024-08-23T11:04:32 IST">
  <testcase classname="com.verizon.dataprovider.DPApp2" name="myTest" time="0.015"/>
  <testcase classname="com.verizon.dataprovider.DPApp2" name="myTest" time="0.001"/>
  <testcase classname="com.verizon.dataprovider.DPApp2" name="myTest" time="0.001"/>
</testsuite> <!-- Default test -->
